INFO 2026-04-11 19:58:27,136 autoreload 8956 9260 Watching for file changes with StatReloader
INFO 2026-04-11 19:59:08,082 autoreload 11772 20192 Watching for file changes with StatReloader
INFO 2026-04-11 19:59:43,290 autoreload 11772 20192 C:\Users\hp\OneDrive\Desktop\craft_cafe_v2\craft_cafe\settings.py changed, reloading.
INFO 2026-04-11 19:59:44,957 autoreload 19684 6624 Watching for file changes with StatReloader
INFO 2026-04-11 20:05:15,972 autoreload 19684 6624 C:\Users\hp\OneDrive\Desktop\craft_cafe_v2\craft_cafe\settings.py changed, reloading.
INFO 2026-04-11 20:05:17,463 autoreload 14792 14804 Watching for file changes with StatReloader
INFO 2026-04-11 20:07:43,473 autoreload 19728 3436 Watching for file changes with StatReloader
INFO 2026-04-11 20:08:29,002 autoreload 2580 8188 Watching for file changes with StatReloader
ERROR 2026-04-11 20:08:33,316 log 14792 19804 Internal Server Error: /
Traceback (most recent call last):
  File "C:\Users\hp\AppData\Local\Programs\Python\Python314\Lib\site-packages\django\core\handlers\exception.py", line 55, in inner
    response = get_response(request)
  File "C:\Users\hp\AppData\Local\Programs\Python\Python314\Lib\site-packages\django\core\handlers\base.py", line 197, in _get_response
    response = wrapped_callback(request, *callback_args, **callback_kwargs)
  File "C:\Users\hp\OneDrive\Desktop\craft_cafe_v2\cafe\views.py", line 47, in home
    return render(request, 'cafe/home.html', {
        'featured': featured,
    ...<2 lines>...
        'categories': categories,
    })
  File "C:\Users\hp\AppData\Local\Programs\Python\Python314\Lib\site-packages\django\shortcuts.py", line 24, in render
    content = loader.render_to_string(template_name, context, request, using=using)
  File "C:\Users\hp\AppData\Local\Programs\Python\Python314\Lib\site-packages\django\template\loader.py", line 62, in render_to_string
    return template.render(context, request)
           ~~~~~~~~~~~~~~~^^^^^^^^^^^^^^^^^^
  File "C:\Users\hp\AppData\Local\Programs\Python\Python314\Lib\site-packages\django\template\backends\django.py", line 61, in render
    return self.template.render(context)
           ~~~~~~~~~~~~~~~~~~~~^^^^^^^^^
  File "C:\Users\hp\AppData\Local\Programs\Python\Python314\Lib\site-packages\django\template\base.py", line 175, in render
    return self._render(context)
           ~~~~~~~~~~~~^^^^^^^^^
  File "C:\Users\hp\AppData\Local\Programs\Python\Python314\Lib\site-packages\django\template\base.py", line 167, in _render
    return self.nodelist.render(context)
           ~~~~~~~~~~~~~~~~~~~~^^^^^^^^^
  File "C:\Users\hp\AppData\Local\Programs\Python\Python314\Lib\site-packages\django\template\base.py", line 1005, in render
    return SafeString("".join([node.render_annotated(context) for node in self]))
                               ~~~~~~~~~~~~~~~~~~~~~^^^^^^^^^
  File "C:\Users\hp\AppData\Local\Programs\Python\Python314\Lib\site-packages\django\template\base.py", line 966, in render_annotated
    return self.render(context)
           ~~~~~~~~~~~^^^^^^^^^
  File "C:\Users\hp\AppData\Local\Programs\Python\Python314\Lib\site-packages\django\template\loader_tags.py", line 157, in render
    return compiled_parent._render(context)
           ~~~~~~~~~~~~~~~~~~~~~~~^^^^^^^^^
  File "C:\Users\hp\AppData\Local\Programs\Python\Python314\Lib\site-packages\django\template\base.py", line 167, in _render
    return self.nodelist.render(context)
           ~~~~~~~~~~~~~~~~~~~~^^^^^^^^^
  File "C:\Users\hp\AppData\Local\Programs\Python\Python314\Lib\site-packages\django\template\base.py", line 1005, in render
    return SafeString("".join([node.render_annotated(context) for node in self]))
                               ~~~~~~~~~~~~~~~~~~~~~^^^^^^^^^
  File "C:\Users\hp\AppData\Local\Programs\Python\Python314\Lib\site-packages\django\template\base.py", line 966, in render_annotated
    return self.render(context)
           ~~~~~~~~~~~^^^^^^^^^
  File "C:\Users\hp\AppData\Local\Programs\Python\Python314\Lib\site-packages\django\templatetags\static.py", line 116, in render
    url = self.url(context)
  File "C:\Users\hp\AppData\Local\Programs\Python\Python314\Lib\site-packages\django\templatetags\static.py", line 113, in url
    return self.handle_simple(path)
           ~~~~~~~~~~~~~~~~~~^^^^^^
  File "C:\Users\hp\AppData\Local\Programs\Python\Python314\Lib\site-packages\django\templatetags\static.py", line 129, in handle_simple
    return staticfiles_storage.url(path)
           ~~~~~~~~~~~~~~~~~~~~~~~^^^^^^
  File "C:\Users\hp\AppData\Local\Programs\Python\Python314\Lib\site-packages\django\contrib\staticfiles\storage.py", line 203, in url
    return self._url(self.stored_name, name, force)
           ~~~~~~~~~^^^^^^^^^^^^^^^^^^^^^^^^^^^^^^^
  File "C:\Users\hp\AppData\Local\Programs\Python\Python314\Lib\site-packages\django\contrib\staticfiles\storage.py", line 182, in _url
    hashed_name = hashed_name_func(*args)
  File "C:\Users\hp\AppData\Local\Programs\Python\Python314\Lib\site-packages\django\contrib\staticfiles\storage.py", line 513, in stored_name
    raise ValueError(
        "Missing staticfiles manifest entry for '%s'" % clean_name
    )
ValueError: Missing staticfiles manifest entry for 'css/luxury.css'
ERROR 2026-04-11 20:08:33,322 basehttp 14792 19804 "GET / HTTP/1.1" 500 145
ERROR 2026-04-11 20:08:52,446 log 14792 19804 Internal Server Error: /
Traceback (most recent call last):
  File "C:\Users\hp\AppData\Local\Programs\Python\Python314\Lib\site-packages\django\core\handlers\exception.py", line 55, in inner
    response = get_response(request)
  File "C:\Users\hp\AppData\Local\Programs\Python\Python314\Lib\site-packages\django\core\handlers\base.py", line 197, in _get_response
    response = wrapped_callback(request, *callback_args, **callback_kwargs)
  File "C:\Users\hp\OneDrive\Desktop\craft_cafe_v2\cafe\views.py", line 47, in home
    return render(request, 'cafe/home.html', {
        'featured': featured,
    ...<2 lines>...
        'categories': categories,
    })
  File "C:\Users\hp\AppData\Local\Programs\Python\Python314\Lib\site-packages\django\shortcuts.py", line 24, in render
    content = loader.render_to_string(template_name, context, request, using=using)
  File "C:\Users\hp\AppData\Local\Programs\Python\Python314\Lib\site-packages\django\template\loader.py", line 62, in render_to_string
    return template.render(context, request)
           ~~~~~~~~~~~~~~~^^^^^^^^^^^^^^^^^^
  File "C:\Users\hp\AppData\Local\Programs\Python\Python314\Lib\site-packages\django\template\backends\django.py", line 61, in render
    return self.template.render(context)
           ~~~~~~~~~~~~~~~~~~~~^^^^^^^^^
  File "C:\Users\hp\AppData\Local\Programs\Python\Python314\Lib\site-packages\django\template\base.py", line 175, in render
    return self._render(context)
           ~~~~~~~~~~~~^^^^^^^^^
  File "C:\Users\hp\AppData\Local\Programs\Python\Python314\Lib\site-packages\django\template\base.py", line 167, in _render
    return self.nodelist.render(context)
           ~~~~~~~~~~~~~~~~~~~~^^^^^^^^^
  File "C:\Users\hp\AppData\Local\Programs\Python\Python314\Lib\site-packages\django\template\base.py", line 1005, in render
    return SafeString("".join([node.render_annotated(context) for node in self]))
                               ~~~~~~~~~~~~~~~~~~~~~^^^^^^^^^
  File "C:\Users\hp\AppData\Local\Programs\Python\Python314\Lib\site-packages\django\template\base.py", line 966, in render_annotated
    return self.render(context)
           ~~~~~~~~~~~^^^^^^^^^
  File "C:\Users\hp\AppData\Local\Programs\Python\Python314\Lib\site-packages\django\template\loader_tags.py", line 157, in render
    return compiled_parent._render(context)
           ~~~~~~~~~~~~~~~~~~~~~~~^^^^^^^^^
  File "C:\Users\hp\AppData\Local\Programs\Python\Python314\Lib\site-packages\django\template\base.py", line 167, in _render
    return self.nodelist.render(context)
           ~~~~~~~~~~~~~~~~~~~~^^^^^^^^^
  File "C:\Users\hp\AppData\Local\Programs\Python\Python314\Lib\site-packages\django\template\base.py", line 1005, in render
    return SafeString("".join([node.render_annotated(context) for node in self]))
                               ~~~~~~~~~~~~~~~~~~~~~^^^^^^^^^
  File "C:\Users\hp\AppData\Local\Programs\Python\Python314\Lib\site-packages\django\template\base.py", line 966, in render_annotated
    return self.render(context)
           ~~~~~~~~~~~^^^^^^^^^
  File "C:\Users\hp\AppData\Local\Programs\Python\Python314\Lib\site-packages\django\templatetags\static.py", line 116, in render
    url = self.url(context)
  File "C:\Users\hp\AppData\Local\Programs\Python\Python314\Lib\site-packages\django\templatetags\static.py", line 113, in url
    return self.handle_simple(path)
           ~~~~~~~~~~~~~~~~~~^^^^^^
  File "C:\Users\hp\AppData\Local\Programs\Python\Python314\Lib\site-packages\django\templatetags\static.py", line 129, in handle_simple
    return staticfiles_storage.url(path)
           ~~~~~~~~~~~~~~~~~~~~~~~^^^^^^
  File "C:\Users\hp\AppData\Local\Programs\Python\Python314\Lib\site-packages\django\contrib\staticfiles\storage.py", line 203, in url
    return self._url(self.stored_name, name, force)
           ~~~~~~~~~^^^^^^^^^^^^^^^^^^^^^^^^^^^^^^^
  File "C:\Users\hp\AppData\Local\Programs\Python\Python314\Lib\site-packages\django\contrib\staticfiles\storage.py", line 182, in _url
    hashed_name = hashed_name_func(*args)
  File "C:\Users\hp\AppData\Local\Programs\Python\Python314\Lib\site-packages\django\contrib\staticfiles\storage.py", line 513, in stored_name
    raise ValueError(
        "Missing staticfiles manifest entry for '%s'" % clean_name
    )
ValueError: Missing staticfiles manifest entry for 'css/luxury.css'
ERROR 2026-04-11 20:08:52,455 basehttp 14792 19804 "GET / HTTP/1.1" 500 145
INFO 2026-04-11 20:09:35,374 autoreload 2580 8188 C:\Users\hp\OneDrive\Desktop\craft_cafe_v2\craft_cafe\settings.py changed, reloading.
INFO 2026-04-11 20:09:35,697 autoreload 14792 14804 C:\Users\hp\OneDrive\Desktop\craft_cafe_v2\craft_cafe\settings.py changed, reloading.
